<?xml version="1.0" encoding="UTF-8"?>
<!-- Generated by org.testng.reporters.JUnitXMLReporter -->
<testsuite hostname="lavanyA" name="Test" tests="4" failures="0" timestamp="10 Feb 2020 13:00:22 GMT" time="0.07" errors="0">
  <testcase name="add" time="0.006" classname="TestNg.groupsexample"/>
  <testcase name="green" time="0.003" classname="TestNg.groupsexample"/>
  <testcase name="red" time="0.002" classname="TestNg.groupsexample"/>
  <testcase name="sam" time="0.001" classname="TestNg.groupsexample"/>
</testsuite> <!-- Test -->
