<?xml version="1.0" encoding="UTF-8"?>
<!-- Generated by org.testng.reporters.JUnitXMLReporter -->
<testsuite hostname="lavanyA" name="Test1" tests="4" failures="0" timestamp="10 Feb 2020 12:41:03 GMT" time="0.055" errors="0">
  <testcase name="add" time="0.009" classname="TestNg.sampletest"/>
  <testcase name="sub" time="0.001" classname="TestNg.sampletest"/>
  <testcase name="div" time="0.001" classname="TestNg.sampletest2"/>
  <testcase name="mul" time="0.001" classname="TestNg.sampletest2"/>
</testsuite> <!-- Test1 -->
